2022-09-22 08:48:57.384  WARN 7764 --- [HikariPool-1 housekeeper] com.zaxxer.hikari.pool.HikariPool        : HikariPool-1 - Thread starvation or clock leap detected (housekeeper delta=8h8m11s147ms55µs300ns).
2022-09-22 08:53:32.865  INFO 7764 --- [SpringApplicationShutdownHook] j.LocalContainerEntityManagerFactoryBean : Closing JPA EntityManagerFactory for persistence unit 'default'
2022-09-22 08:53:32.873  INFO 7764 --- [SpringApplicationShutdownHook] com.zaxxer.hikari.HikariDataSource       : HikariPool-1 - Shutdown initiated...
2022-09-22 08:53:32.879  INFO 7764 --- [SpringApplicationShutdownHook] com.zaxxer.hikari.HikariDataSource       : HikariPool-1 - Shutdown completed.
2022-09-22 09:49:37.655  INFO 13920 --- [restartedMain] com.gamul.BackApplication                : Starting BackApplication using Java 1.8.0_192 on DESKTOP-KVCQHCD with PID 13920 (C:\Users\SSAFY\Desktop\gamul\S07P22A305\back\build\classes\java\main started by SSAFY in C:\Users\SSAFY\Desktop\gamul\S07P22A305\back)
2022-09-22 09:49:37.656  INFO 13920 --- [restartedMain] com.gamul.BackApplication                : No active profile set, falling back to 1 default profile: "default"
2022-09-22 09:49:37.689  INFO 13920 --- [restartedMain] .e.DevToolsPropertyDefaultsPostProcessor : Devtools property defaults active! Set 'spring.devtools.add-properties' to 'false' to disable
2022-09-22 09:49:37.690  INFO 13920 --- [restartedMain] .e.DevToolsPropertyDefaultsPostProcessor : For additional web related logging consider setting the 'logging.level.web' property to 'DEBUG'
2022-09-22 09:49:38.527  INFO 13920 --- [restartedMain] .s.d.r.c.RepositoryConfigurationDelegate : Bootstrapping Spring Data JPA repositories in DEFAULT mode.
2022-09-22 09:49:38.579  INFO 13920 --- [restartedMain] .s.d.r.c.RepositoryConfigurationDelegate : Finished Spring Data repository scanning in 45 ms. Found 1 JPA repository interfaces.
2022-09-22 09:49:38.702  WARN 13920 --- [restartedMain] o.m.s.mapper.ClassPathMapperScanner      : No MyBatis mapper was found in '[com.gamul]' package. Please check your configuration.
2022-09-22 09:49:39.120  INFO 13920 --- [restartedMain] o.s.b.w.embedded.tomcat.TomcatWebServer  : Tomcat initialized with port(s): 8080 (http)
2022-09-22 09:49:39.128  INFO 13920 --- [restartedMain] o.apache.catalina.core.StandardService   : Starting service [Tomcat]
2022-09-22 09:49:39.128  INFO 13920 --- [restartedMain] org.apache.catalina.core.StandardEngine  : Starting Servlet engine: [Apache Tomcat/9.0.65]
2022-09-22 09:49:39.229  INFO 13920 --- [restartedMain] o.a.c.c.C.[Tomcat].[localhost].[/]       : Initializing Spring embedded WebApplicationContext
2022-09-22 09:49:39.229  INFO 13920 --- [restartedMain] w.s.c.ServletWebServerApplicationContext : Root WebApplicationContext: initialization completed in 1539 ms
2022-09-22 09:49:39.277 DEBUG 13920 --- [restartedMain] o.s.w.f.CommonsRequestLoggingFilter      : Filter 'commonsRequestLoggingFilter' configured for use
2022-09-22 09:49:39.382  INFO 13920 --- [restartedMain] o.hibernate.jpa.internal.util.LogHelper  : HHH000204: Processing PersistenceUnitInfo [name: default]
2022-09-22 09:49:39.450  INFO 13920 --- [restartedMain] org.hibernate.Version                    : HHH000412: Hibernate ORM core version 5.6.10.Final
2022-09-22 09:49:39.556  INFO 13920 --- [restartedMain] o.hibernate.annotations.common.Version   : HCANN000001: Hibernate Commons Annotations {5.1.2.Final}
2022-09-22 09:49:39.629  INFO 13920 --- [restartedMain] com.zaxxer.hikari.HikariDataSource       : HikariPool-1 - Starting...
2022-09-22 09:49:39.771  INFO 13920 --- [restartedMain] com.zaxxer.hikari.HikariDataSource       : HikariPool-1 - Start completed.
2022-09-22 09:49:39.783  INFO 13920 --- [restartedMain] org.hibernate.dialect.Dialect            : HHH000400: Using dialect: org.hibernate.dialect.MySQL57Dialect
2022-09-22 09:49:40.291  INFO 13920 --- [restartedMain] o.h.e.t.j.p.i.JtaPlatformInitiator       : HHH000490: Using JtaPlatform implementation: [org.hibernate.engine.transaction.jta.platform.internal.NoJtaPlatform]
2022-09-22 09:49:40.298  INFO 13920 --- [restartedMain] j.LocalContainerEntityManagerFactoryBean : Initialized JPA EntityManagerFactory for persistence unit 'default'
2022-09-22 09:49:40.586  WARN 13920 --- [restartedMain] JpaBaseConfiguration$JpaWebConfiguration : spring.jpa.open-in-view is enabled by default. Therefore, database queries may be performed during view rendering. Explicitly configure spring.jpa.open-in-view to disable this warning
2022-09-22 09:49:40.802 DEBUG 13920 --- [restartedMain] s.w.s.m.m.a.RequestMappingHandlerMapping : 10 mappings in 'requestMappingHandlerMapping'
2022-09-22 09:49:40.975  INFO 13920 --- [restartedMain] o.s.s.web.DefaultSecurityFilterChain     : Will secure any request with [org.springframework.security.web.session.DisableEncodeUrlFilter@7d40e30f, org.springframework.security.web.context.request.async.WebAsyncManagerIntegrationFilter@2873d82, org.springframework.security.web.context.SecurityContextPersistenceFilter@3976db4a, org.springframework.security.web.header.HeaderWriterFilter@5dd057e, org.springframework.web.filter.CorsFilter@2e413e0f, org.springframework.security.web.authentication.logout.LogoutFilter@1983bf97, com.gamul.common.auth.JwtAuthenticationFilter@16b9bb20, org.springframework.security.web.savedrequest.RequestCacheAwareFilter@5c8a5b94, org.springframework.security.web.servletapi.SecurityContextHolderAwareRequestFilter@c0021c3, org.springframework.security.web.authentication.AnonymousAuthenticationFilter@6c1b7a63, org.springframework.security.web.session.SessionManagementFilter@43f30c26, org.springframework.security.web.access.ExceptionTranslationFilter@66241f75, org.springframework.security.web.access.intercept.FilterSecurityInterceptor@52b2dd7]
2022-09-22 09:49:41.214  INFO 13920 --- [restartedMain] o.s.b.d.a.OptionalLiveReloadServer       : LiveReload server is running on port 35729
2022-09-22 09:49:41.218 DEBUG 13920 --- [restartedMain] s.w.s.m.m.a.RequestMappingHandlerAdapter : ControllerAdvice beans: 0 @ModelAttribute, 0 @InitBinder, 1 RequestBodyAdvice, 1 ResponseBodyAdvice
2022-09-22 09:49:41.248 DEBUG 13920 --- [restartedMain] o.s.w.s.handler.SimpleUrlHandlerMapping  : Patterns [/swagger-ui/] in 'viewControllerHandlerMapping'
2022-09-22 09:49:41.260 DEBUG 13920 --- [restartedMain] o.s.w.s.c.annotation.WebMvcConfigurer    : Default resource handling disabled
2022-09-22 09:49:41.266 DEBUG 13920 --- [restartedMain] o.s.w.s.handler.SimpleUrlHandlerMapping  : Patterns [/resources/**, /swagger-ui.html, /webjars/**, /css/**, /fonts/**, /icons/**, /img/**, /js/**, /swagger-ui/**] in 'resourceHandlerMapping'
2022-09-22 09:49:41.272 DEBUG 13920 --- [restartedMain] .m.m.a.ExceptionHandlerExceptionResolver : ControllerAdvice beans: 0 @ExceptionHandler, 1 ResponseBodyAdvice
2022-09-22 09:49:41.456 DEBUG 13920 --- [restartedMain] o.s.w.s.v.f.FreeMarkerConfigurer         : File system access not preferred: using SpringTemplateLoader
2022-09-22 09:49:41.552  INFO 13920 --- [restartedMain] o.s.b.w.embedded.tomcat.TomcatWebServer  : Tomcat started on port(s): 8080 (http) with context path ''
2022-09-22 09:49:41.707  INFO 13920 --- [restartedMain] com.gamul.BackApplication                : Started BackApplication in 4.383 seconds (JVM running for 6.037)
2022-09-22 09:50:52.085  INFO 13920 --- [http-nio-8080-exec-1] o.a.c.c.C.[Tomcat].[localhost].[/]       : Initializing Spring DispatcherServlet 'dispatcherServlet'
2022-09-22 09:50:52.085  INFO 13920 --- [http-nio-8080-exec-1] o.s.web.servlet.DispatcherServlet        : Initializing Servlet 'dispatcherServlet'
2022-09-22 09:50:52.085 DEBUG 13920 --- [http-nio-8080-exec-1] o.s.web.servlet.DispatcherServlet        : Detected StandardServletMultipartResolver
2022-09-22 09:50:52.085 DEBUG 13920 --- [http-nio-8080-exec-1] o.s.web.servlet.DispatcherServlet        : Detected AcceptHeaderLocaleResolver
2022-09-22 09:50:52.085 DEBUG 13920 --- [http-nio-8080-exec-1] o.s.web.servlet.DispatcherServlet        : Detected FixedThemeResolver
2022-09-22 09:50:52.086 DEBUG 13920 --- [http-nio-8080-exec-1] o.s.web.servlet.DispatcherServlet        : Detected org.springframework.web.servlet.view.DefaultRequestToViewNameTranslator@5e09a941
2022-09-22 09:50:52.086 DEBUG 13920 --- [http-nio-8080-exec-1] o.s.web.servlet.DispatcherServlet        : Detected org.springframework.web.servlet.support.SessionFlashMapManager@4e77cf59
2022-09-22 09:50:52.086 DEBUG 13920 --- [http-nio-8080-exec-1] o.s.web.servlet.DispatcherServlet        : enableLoggingRequestDetails='false': request parameters and headers will be masked to prevent unsafe logging of potentially sensitive data
2022-09-22 09:50:52.086  INFO 13920 --- [http-nio-8080-exec-1] o.s.web.servlet.DispatcherServlet        : Completed initialization in 1 ms
2022-09-22 09:50:52.108 DEBUG 13920 --- [http-nio-8080-exec-1] o.s.web.servlet.DispatcherServlet        : GET "/swagger-ui/", parameters={}
2022-09-22 09:50:52.112 DEBUG 13920 --- [http-nio-8080-exec-1] o.s.w.s.handler.SimpleUrlHandlerMapping  : Mapped to ParameterizableViewController [view="forward:/swagger-ui/index.html"]
2022-09-22 09:50:52.120 DEBUG 13920 --- [http-nio-8080-exec-1] o.s.w.s.v.ContentNegotiatingViewResolver : Selected 'text/html' given [text/html, application/xhtml+xml, image/avif, image/webp, image/apng, application/xml;q=0.9, application/signed-exchange;v=b3;q=0.9, */*;q=0.8]
2022-09-22 09:50:52.120 DEBUG 13920 --- [http-nio-8080-exec-1] o.s.w.servlet.view.InternalResourceView  : View name 'forward:', model {}
2022-09-22 09:50:52.121 DEBUG 13920 --- [http-nio-8080-exec-1] o.s.w.servlet.view.InternalResourceView  : Forwarding to [/swagger-ui/index.html]
2022-09-22 09:50:52.122 DEBUG 13920 --- [http-nio-8080-exec-1] o.s.web.servlet.DispatcherServlet        : "FORWARD" dispatch for GET "/swagger-ui/index.html", parameters={}
2022-09-22 09:50:52.124 DEBUG 13920 --- [http-nio-8080-exec-1] o.s.w.s.handler.SimpleUrlHandlerMapping  : Mapped to ResourceHttpRequestHandler [classpath [META-INF/resources/webjars/springfox-swagger-ui/]]
2022-09-22 09:50:52.135 DEBUG 13920 --- [http-nio-8080-exec-1] o.s.web.servlet.DispatcherServlet        : Exiting from "FORWARD" dispatch, status 200
2022-09-22 09:50:52.138 DEBUG 13920 --- [http-nio-8080-exec-1] o.s.web.servlet.DispatcherServlet        : Completed 200 OK
2022-09-22 09:50:52.148 DEBUG 13920 --- [http-nio-8080-exec-2] o.s.web.servlet.DispatcherServlet        : GET "/swagger-ui/springfox.css?v=3.0.0", parameters={masked}
2022-09-22 09:50:52.148 DEBUG 13920 --- [http-nio-8080-exec-2] o.s.w.s.handler.SimpleUrlHandlerMapping  : Mapped to ResourceHttpRequestHandler [classpath [META-INF/resources/webjars/springfox-swagger-ui/]]
2022-09-22 09:50:52.153 DEBUG 13920 --- [http-nio-8080-exec-3] o.s.web.servlet.DispatcherServlet        : GET "/swagger-ui/swagger-ui.css?v=3.0.0", parameters={masked}
2022-09-22 09:50:52.153 DEBUG 13920 --- [http-nio-8080-exec-2] o.s.web.servlet.DispatcherServlet        : Completed 200 OK
2022-09-22 09:50:52.153 DEBUG 13920 --- [http-nio-8080-exec-4] o.s.web.servlet.DispatcherServlet        : GET "/swagger-ui/swagger-ui-bundle.js?v=3.0.0", parameters={masked}
2022-09-22 09:50:52.153 DEBUG 13920 --- [http-nio-8080-exec-6] o.s.web.servlet.DispatcherServlet        : GET "/swagger-ui/swagger-ui-standalone-preset.js?v=3.0.0", parameters={masked}
2022-09-22 09:50:52.153 DEBUG 13920 --- [http-nio-8080-exec-5] o.s.web.servlet.DispatcherServlet        : GET "/swagger-ui/springfox.js?v=3.0.0", parameters={masked}
2022-09-22 09:50:52.155 DEBUG 13920 --- [http-nio-8080-exec-5] o.s.w.s.handler.SimpleUrlHandlerMapping  : Mapped to ResourceHttpRequestHandler [classpath [META-INF/resources/webjars/springfox-swagger-ui/]]
2022-09-22 09:50:52.155 DEBUG 13920 --- [http-nio-8080-exec-4] o.s.w.s.handler.SimpleUrlHandlerMapping  : Mapped to ResourceHttpRequestHandler [classpath [META-INF/resources/webjars/springfox-swagger-ui/]]
2022-09-22 09:50:52.155 DEBUG 13920 --- [http-nio-8080-exec-3] o.s.w.s.handler.SimpleUrlHandlerMapping  : Mapped to ResourceHttpRequestHandler [classpath [META-INF/resources/webjars/springfox-swagger-ui/]]
2022-09-22 09:50:52.155 DEBUG 13920 --- [http-nio-8080-exec-6] o.s.w.s.handler.SimpleUrlHandlerMapping  : Mapped to ResourceHttpRequestHandler [classpath [META-INF/resources/webjars/springfox-swagger-ui/]]
2022-09-22 09:50:52.161 DEBUG 13920 --- [http-nio-8080-exec-3] o.s.web.servlet.DispatcherServlet        : Completed 200 OK
2022-09-22 09:50:52.162 DEBUG 13920 --- [http-nio-8080-exec-5] o.s.web.servlet.DispatcherServlet        : Completed 200 OK
2022-09-22 09:50:52.175 DEBUG 13920 --- [http-nio-8080-exec-6] o.s.web.servlet.DispatcherServlet        : Completed 200 OK
2022-09-22 09:50:52.203 DEBUG 13920 --- [http-nio-8080-exec-4] o.s.web.servlet.DispatcherServlet        : Completed 200 OK
2022-09-22 09:50:52.298 DEBUG 13920 --- [http-nio-8080-exec-8] o.s.web.servlet.DispatcherServlet        : GET "/swagger-resources/configuration/ui", parameters={}
2022-09-22 09:50:52.299 DEBUG 13920 --- [http-nio-8080-exec-8] s.w.s.m.m.a.RequestMappingHandlerMapping : Mapped to springfox.documentation.swagger.web.ApiResourceController#uiConfiguration()
2022-09-22 09:50:52.310 DEBUG 13920 --- [http-nio-8080-exec-8] o.s.w.s.m.m.a.HttpEntityMethodProcessor  : Using 'application/json', given [application/json] and supported [application/json]
2022-09-22 09:50:52.318 DEBUG 13920 --- [http-nio-8080-exec-7] o.s.web.servlet.DispatcherServlet        : GET "/swagger-ui/favicon-32x32.png?v=3.0.0", parameters={masked}
2022-09-22 09:50:52.319 DEBUG 13920 --- [http-nio-8080-exec-7] o.s.w.s.handler.SimpleUrlHandlerMapping  : Mapped to ResourceHttpRequestHandler [classpath [META-INF/resources/webjars/springfox-swagger-ui/]]
2022-09-22 09:50:52.322 DEBUG 13920 --- [http-nio-8080-exec-7] o.s.web.servlet.DispatcherServlet        : Completed 200 OK
2022-09-22 09:50:52.336 DEBUG 13920 --- [http-nio-8080-exec-8] o.s.w.s.m.m.a.HttpEntityMethodProcessor  : Writing [springfox.documentation.swagger.web.UiConfiguration@702bdfa3]
2022-09-22 09:50:52.347 DEBUG 13920 --- [http-nio-8080-exec-8] o.s.web.servlet.DispatcherServlet        : Completed 200 OK
2022-09-22 09:50:52.351 DEBUG 13920 --- [http-nio-8080-exec-9] o.s.web.servlet.DispatcherServlet        : GET "/swagger-resources/configuration/security", parameters={}
2022-09-22 09:50:52.352 DEBUG 13920 --- [http-nio-8080-exec-9] s.w.s.m.m.a.RequestMappingHandlerMapping : Mapped to springfox.documentation.swagger.web.ApiResourceController#securityConfiguration()
2022-09-22 09:50:52.352 DEBUG 13920 --- [http-nio-8080-exec-9] o.s.w.s.m.m.a.HttpEntityMethodProcessor  : Using 'application/json', given [application/json] and supported [application/json]
2022-09-22 09:50:52.355 DEBUG 13920 --- [http-nio-8080-exec-9] o.s.w.s.m.m.a.HttpEntityMethodProcessor  : Writing [springfox.documentation.swagger.web.SecurityConfiguration@70f07d03]
2022-09-22 09:50:52.357 DEBUG 13920 --- [http-nio-8080-exec-9] o.s.web.servlet.DispatcherServlet        : Completed 200 OK
2022-09-22 09:50:52.359 DEBUG 13920 --- [http-nio-8080-exec-10] o.s.web.servlet.DispatcherServlet        : GET "/swagger-resources", parameters={}
2022-09-22 09:50:52.359 DEBUG 13920 --- [http-nio-8080-exec-10] s.w.s.m.m.a.RequestMappingHandlerMapping : Mapped to springfox.documentation.swagger.web.ApiResourceController#swaggerResources()
2022-09-22 09:50:52.361 DEBUG 13920 --- [http-nio-8080-exec-10] o.s.w.s.m.m.a.HttpEntityMethodProcessor  : Using 'application/json', given [application/json] and supported [application/json]
2022-09-22 09:50:52.364 DEBUG 13920 --- [http-nio-8080-exec-10] o.s.w.s.m.m.a.HttpEntityMethodProcessor  : Writing [[springfox.documentation.swagger.web.SwaggerResource@9d8614a]]
2022-09-22 09:50:52.366 DEBUG 13920 --- [http-nio-8080-exec-10] o.s.web.servlet.DispatcherServlet        : Completed 200 OK
2022-09-22 09:50:52.396 DEBUG 13920 --- [http-nio-8080-exec-1] o.s.web.servlet.DispatcherServlet        : GET "/v2/api-docs", parameters={}
2022-09-22 09:50:52.397 DEBUG 13920 --- [http-nio-8080-exec-1] s.w.s.m.m.a.RequestMappingHandlerMapping : Mapped to springfox.documentation.swagger2.web.Swagger2ControllerWebMvc#getDocumentation(String, HttpServletRequest)
2022-09-22 09:50:52.469 DEBUG 13920 --- [http-nio-8080-exec-1] o.s.w.s.m.m.a.HttpEntityMethodProcessor  : Using 'application/json', given [application/json, */*] and supported [application/json, application/hal+json]
2022-09-22 09:50:52.470 DEBUG 13920 --- [http-nio-8080-exec-1] o.s.w.s.m.m.a.HttpEntityMethodProcessor  : Writing [springfox.documentation.spring.web.json.Json@390f63f0]
2022-09-22 09:50:52.471 DEBUG 13920 --- [http-nio-8080-exec-1] o.s.web.servlet.DispatcherServlet        : Completed 200 OK
2022-09-22 09:51:06.946 DEBUG 13920 --- [http-nio-8080-exec-2] o.s.w.f.CommonsRequestLoggingFilter      : Before request [POST /api/v1/auth/login, client=0:0:0:0:0:0:0:1, headers=[host:"localhost:8080", connection:"keep-alive", content-length:"52", sec-ch-ua:""Google Chrome";v="105", "Not)A;Brand";v="8", "Chromium";v="105"", accept:"*/*", sec-ch-ua-mobile:"?0", user-agent:"Mozilla/5.0 (Windows NT 10.0; Win64; x64) AppleWebKit/537.36 (KHTML, like Gecko) Chrome/105.0.0.0 Safari/537.36", sec-ch-ua-platform:""Windows"", origin:"http://localhost:8080", sec-fetch-site:"same-origin", sec-fetch-mode:"cors", sec-fetch-dest:"empty", referer:"http://localhost:8080/swagger-ui/", accept-encoding:"gzip, deflate, br", accept-language:"ko-KR,ko;q=0.9,en-US;q=0.8,en;q=0.7", cookie:"JSESSIONID=3C38435F5E1882E906B3B2160DB09FF5", Content-Type:"application/json;charset=UTF-8"]]
2022-09-22 09:51:06.946 DEBUG 13920 --- [http-nio-8080-exec-2] o.s.web.servlet.DispatcherServlet        : POST "/api/v1/auth/login", parameters={}
2022-09-22 09:51:06.946 DEBUG 13920 --- [http-nio-8080-exec-2] s.w.s.m.m.a.RequestMappingHandlerMapping : Mapped to com.gamul.api.controller.AuthController#login(UserLoginPostReq)
2022-09-22 09:51:06.966 DEBUG 13920 --- [http-nio-8080-exec-2] m.m.a.RequestResponseBodyMethodProcessor : Read "application/json;charset=UTF-8" to [com.gamul.api.request.UserLoginPostReq@27d2bde]
2022-09-22 09:51:07.206 DEBUG 13920 --- [http-nio-8080-exec-2] o.s.w.s.m.m.a.HttpEntityMethodProcessor  : Using 'application/json', given [*/*] and supported [application/json, application/*+json, application/json, application/*+json]
2022-09-22 09:51:07.206 DEBUG 13920 --- [http-nio-8080-exec-2] o.s.w.s.m.m.a.HttpEntityMethodProcessor  : Writing [com.gamul.api.response.UserLoginPostRes@8d8f94c]
2022-09-22 09:51:07.207 DEBUG 13920 --- [http-nio-8080-exec-2] o.s.web.servlet.DispatcherServlet        : Completed 200 OK
2022-09-22 09:51:07.208 DEBUG 13920 --- [http-nio-8080-exec-2] o.s.w.f.CommonsRequestLoggingFilter      : After request [POST /api/v1/auth/login, client=0:0:0:0:0:0:0:1, headers=[host:"localhost:8080", connection:"keep-alive", content-length:"52", sec-ch-ua:""Google Chrome";v="105", "Not)A;Brand";v="8", "Chromium";v="105"", accept:"*/*", sec-ch-ua-mobile:"?0", user-agent:"Mozilla/5.0 (Windows NT 10.0; Win64; x64) AppleWebKit/537.36 (KHTML, like Gecko) Chrome/105.0.0.0 Safari/537.36", sec-ch-ua-platform:""Windows"", origin:"http://localhost:8080", sec-fetch-site:"same-origin", sec-fetch-mode:"cors", sec-fetch-dest:"empty", referer:"http://localhost:8080/swagger-ui/", accept-encoding:"gzip, deflate, br", accept-language:"ko-KR,ko;q=0.9,en-US;q=0.8,en;q=0.7", cookie:"JSESSIONID=3C38435F5E1882E906B3B2160DB09FF5", Content-Type:"application/json;charset=UTF-8"], payload={
  "password": "gamul",
  "user_name": "gamulchi"
}]
2022-09-22 09:54:14.505  INFO 13920 --- [SpringApplicationShutdownHook] j.LocalContainerEntityManagerFactoryBean : Closing JPA EntityManagerFactory for persistence unit 'default'
2022-09-22 09:54:14.512  INFO 13920 --- [SpringApplicationShutdownHook] com.zaxxer.hikari.HikariDataSource       : HikariPool-1 - Shutdown initiated...
2022-09-22 09:54:14.516  INFO 13920 --- [SpringApplicationShutdownHook] com.zaxxer.hikari.HikariDataSource       : HikariPool-1 - Shutdown completed.
